::1 - - [26/Dec/2025 15:41:08] "GET / HTTP/1.1" 200 -
::1 - - [26/Dec/2025 15:41:08] "GET /styles/custom.css HTTP/1.1" 200 -
::1 - - [26/Dec/2025 15:41:08] "GET /js/app.js HTTP/1.1" 200 -
::1 - - [26/Dec/2025 15:41:08] "GET /js/ui/ViewManager.js HTTP/1.1" 200 -
::1 - - [26/Dec/2025 15:41:08] "GET /js/services/StateManager.js HTTP/1.1" 200 -
::1 - - [26/Dec/2025 15:41:08] "GET /js/ui/MetricsBar.js HTTP/1.1" 200 -
::1 - - [26/Dec/2025 15:41:08] "GET /js/ui/SettingsView.js HTTP/1.1" 200 -
::1 - - [26/Dec/2025 15:41:08] "GET /js/ui/ModalManager.js HTTP/1.1" 200 -
::1 - - [26/Dec/2025 15:41:08] "GET /js/utils/EventBus.js HTTP/1.1" 200 -
::1 - - [26/Dec/2025 15:41:08] "GET /js/ui/CalendarView.js HTTP/1.1" 200 -
::1 - - [26/Dec/2025 15:41:08] "GET /js/ui/QuartersView.js HTTP/1.1" 200 -
::1 - - [26/Dec/2025 15:41:08] "GET /js/ui/TimelineView.js HTTP/1.1" 200 -
::1 - - [26/Dec/2025 15:41:08] "GET /js/models/Event.js HTTP/1.1" 200 -
::1 - - [26/Dec/2025 15:41:08] "GET /js/services/ScoringEngine.js HTTP/1.1" 200 -
::1 - - [26/Dec/2025 15:41:08] "GET /js/services/DataService.js HTTP/1.1" 200 -
::1 - - [26/Dec/2025 15:41:08] "GET /js/services/DateService.js HTTP/1.1" 200 -
::1 - - [26/Dec/2025 15:41:08] "GET /js/models/Constraint.js HTTP/1.1" 200 -
::1 - - [26/Dec/2025 15:41:08] "GET /js/config/fiscalCalendar.js HTTP/1.1" 200 -
::1 - - [26/Dec/2025 15:41:09] code 404, message File not found
::1 - - [26/Dec/2025 15:41:09] "GET /favicon.ico HTTP/1.1" 404 -
